[2026-01-13T09:18:52.411+0000] {logging_mixin.py:188} INFO - Changing /opt/***/logs/dag_id=ingest_bronze_taxi/run_id=manual__2026-01-13T09:18:50.944800+00:00/task_id=ingest_bronze permission to 509
[2026-01-13T09:18:52.412+0000] {logging_mixin.py:188} INFO - Failed to change /opt/***/logs/dag_id=ingest_bronze_taxi/run_id=manual__2026-01-13T09:18:50.944800+00:00/task_id=ingest_bronze permission to 509: [Errno 1] Operation not permitted: '/opt/***/logs/dag_id=ingest_bronze_taxi/run_id=manual__2026-01-13T09:18:50.944800+00:00/task_id=ingest_bronze'
[2026-01-13T09:18:52.464+0000] {logging_mixin.py:188} INFO - Changing /opt/***/logs/dag_id=ingest_bronze_taxi/run_id=manual__2026-01-13T09:18:50.944800+00:00/task_id=ingest_bronze permission to 509
[2026-01-13T09:18:52.465+0000] {logging_mixin.py:188} INFO - Failed to change /opt/***/logs/dag_id=ingest_bronze_taxi/run_id=manual__2026-01-13T09:18:50.944800+00:00/task_id=ingest_bronze permission to 509: [Errno 1] Operation not permitted: '/opt/***/logs/dag_id=ingest_bronze_taxi/run_id=manual__2026-01-13T09:18:50.944800+00:00/task_id=ingest_bronze'
[2026-01-13T09:18:52.646+0000] {taskinstance.py:1956} INFO - Dependencies all met for dep_context=non-requeueable deps ti=<TaskInstance: ingest_bronze_taxi.ingest_bronze manual__2026-01-13T09:18:50.944800+00:00 [queued]>
[2026-01-13T09:18:52.654+0000] {taskinstance.py:1956} INFO - Dependencies all met for dep_context=requeueable deps ti=<TaskInstance: ingest_bronze_taxi.ingest_bronze manual__2026-01-13T09:18:50.944800+00:00 [queued]>
[2026-01-13T09:18:52.655+0000] {taskinstance.py:2170} INFO - Starting attempt 1 of 2
[2026-01-13T09:18:52.672+0000] {taskinstance.py:2191} INFO - Executing <Task(PythonOperator): ingest_bronze> on 2026-01-13 09:18:50.944800+00:00
[2026-01-13T09:18:52.682+0000] {standard_task_runner.py:60} INFO - Started process 468 to run task
[2026-01-13T09:18:52.686+0000] {standard_task_runner.py:87} INFO - Running: ['***', 'tasks', 'run', 'ingest_bronze_taxi', 'ingest_bronze', 'manual__2026-01-13T09:18:50.944800+00:00', '--job-id', '2', '--raw', '--subdir', 'DAGS_FOLDER/example_dag (1).py', '--cfg-path', '/tmp/tmpn6kiv8h_']
[2026-01-13T09:18:52.688+0000] {standard_task_runner.py:88} INFO - Job 2: Subtask ingest_bronze
[2026-01-13T09:18:52.745+0000] {logging_mixin.py:188} INFO - Changing /opt/***/logs/dag_id=ingest_bronze_taxi/run_id=manual__2026-01-13T09:18:50.944800+00:00/task_id=ingest_bronze permission to 509
[2026-01-13T09:18:52.746+0000] {logging_mixin.py:188} INFO - Failed to change /opt/***/logs/dag_id=ingest_bronze_taxi/run_id=manual__2026-01-13T09:18:50.944800+00:00/task_id=ingest_bronze permission to 509: [Errno 1] Operation not permitted: '/opt/***/logs/dag_id=ingest_bronze_taxi/run_id=manual__2026-01-13T09:18:50.944800+00:00/task_id=ingest_bronze'
[2026-01-13T09:18:52.748+0000] {task_command.py:423} INFO - Running <TaskInstance: ingest_bronze_taxi.ingest_bronze manual__2026-01-13T09:18:50.944800+00:00 [running]> on host d65107b6e467
[2026-01-13T09:18:52.838+0000] {taskinstance.py:2480} INFO - Exporting env vars: AIRFLOW_CTX_DAG_OWNER='***' AIRFLOW_CTX_DAG_ID='ingest_bronze_taxi' AIRFLOW_CTX_TASK_ID='ingest_bronze' AIRFLOW_CTX_EXECUTION_DATE='2026-01-13T09:18:50.944800+00:00' AIRFLOW_CTX_TRY_NUMBER='1' AIRFLOW_CTX_DAG_RUN_ID='manual__2026-01-13T09:18:50.944800+00:00'
[2026-01-13T09:18:56.978+0000] {logging_mixin.py:188} INFO - Dataset Bronze sauvegardé à /opt/***/data/bronze_taxi.parquet
[2026-01-13T09:18:56.988+0000] {python.py:201} INFO - Done. Returned value was: None
[2026-01-13T09:18:56.999+0000] {taskinstance.py:1138} INFO - Marking task as SUCCESS. dag_id=ingest_bronze_taxi, task_id=ingest_bronze, execution_date=20260113T091850, start_date=20260113T091852, end_date=20260113T091856
[2026-01-13T09:18:57.086+0000] {local_task_job_runner.py:234} INFO - Task exited with return code 0
[2026-01-13T09:18:57.111+0000] {taskinstance.py:3280} INFO - 0 downstream tasks scheduled from follow-on schedule check
